# JRE version: OpenJDK Runtime Environment GraalVM CE 22.3.0 (17.0.5+8) (build 17.0.5+8-jvmci-22.3-b08)
# Java VM: OpenJDK 64-Bit Server VM GraalVM CE 22.3.0 (17.0.5+8-jvmci-22.3-b08, mixed mode, sharing, tiered, jvmci, jvmci compiler, compressed oops, compressed class ptrs, parallel gc, linux-amd64)
GC Precious Log:
 CPUs: 4 total, 1 available
 Memory: 1024M
 Large Page Support: Disabled
 NUMA Support: Disabled
 Compressed Oops: Enabled (32-bit)
 Alignments: Space 512K, Generation 512K, Heap 2M
 Heap Min Capacity: 100M
 Heap Initial Capacity: 100M
 Heap Max Capacity: 512M
 Pre-touch: Disabled
 Parallel Workers: 1
Heap:
 PSYoungGen      total 36864K, used 21503K [0x00000000f5580000, 0x00000000f9980000, 0x0000000100000000)
  eden space 21504K, 99% used [0x00000000f5580000,0x00000000f6a7fff8,0x00000000f6a80000)
  from space 15360K, 0% used [0x00000000f8180000,0x00000000f8180000,0x00000000f9080000)
  to   space 23552K, 0% used [0x00000000f6a80000,0x00000000f6a80000,0x00000000f8180000)
 ParOldGen       total 349696K, used 349695K [0x00000000e0000000, 0x00000000f5580000, 0x00000000f5580000)
  object space 349696K, 99% used [0x00000000e0000000,0x00000000f557fd78,0x00000000f5580000)
 Metaspace       used 61292K, committed 62208K, reserved 1105920K
  class space    used 5545K, committed 5952K, reserved 1048576K
GC Heap History (20 events):
Event: 873.445 GC heap before
{Heap before GC invocations=554 (full 410):
 PSYoungGen      total 36864K, used 21503K [0x00000000f5580000, 0x00000000f9980000, 0x0000000100000000)
  eden space 21504K, 99% used [0x00000000f5580000,0x00000000f6a7fff8,0x00000000f6a80000)
  from space 15360K, 0% used [0x00000000f8180000,0x00000000f8180000,0x00000000f9080000)
  to   space 23552K, 0% used [0x00000000f6a80000,0x00000000f6a80000,0x00000000f8180000)
 ParOldGen       total 349696K, used 349695K [0x00000000e0000000, 0x00000000f5580000, 0x00000000f5580000)
  object space 349696K, 99% used [0x00000000e0000000,0x00000000f557ffe0,0x00000000f5580000)
 Metaspace       used 61292K, committed 62208K, reserved 1105920K
  class space    used 5545K, committed 5952K, reserved 1048576K
}
Event: 875.129 GC heap after
{Heap after GC invocations=554 (full 410):
 PSYoungGen      total 45056K, used 21503K [0x00000000f5580000, 0x00000000f9980000, 0x0000000100000000)
  eden space 21504K, 99% used [0x00000000f5580000,0x00000000f6a7fff8,0x00000000f6a80000)
  from space 23552K, 0% used [0x00000000f6a80000,0x00000000f6a80000,0x00000000f8180000)
  to   space 15360K, 0% used [0x00000000f8180000,0x00000000f8180000,0x00000000f9080000)
 ParOldGen       total 349696K, used 349695K [0x00000000e0000000, 0x00000000f5580000, 0x00000000f5580000)
  object space 349696K, 99% used [0x00000000e0000000,0x00000000f557ffe0,0x00000000f5580000)
 Metaspace       used 61292K, committed 62208K, reserved 1105920K
  class space    used 5545K, committed 5952K, reserved 1048576K
}
Event: 875.129 GC heap before
{Heap before GC invocations=555 (full 411):
 PSYoungGen      total 45056K, used 21503K [0x00000000f5580000, 0x00000000f9980000, 0x0000000100000000)
  eden space 21504K, 99% used [0x00000000f5580000,0x00000000f6a7fff8,0x00000000f6a80000)
  from space 23552K, 0% used [0x00000000f6a80000,0x00000000f6a80000,0x00000000f8180000)
  to   space 15360K, 0% used [0x00000000f8180000,0x00000000f8180000,0x00000000f9080000)
 ParOldGen       total 349696K, used 349695K [0x00000000e0000000, 0x00000000f5580000, 0x00000000f5580000)
  object space 349696K, 99% used [0x00000000e0000000,0x00000000f557fff8,0x00000000f5580000)
 Metaspace       used 61292K, committed 62208K, reserved 1105920K
  class space    used 5545K, committed 5952K, reserved 1048576K
}
Event: 876.859 GC heap after
{Heap after GC invocations=555 (full 411):
 PSYoungGen      total 36864K, used 21503K [0x00000000f5580000, 0x00000000f9980000, 0x0000000100000000)
  eden space 21504K, 99% used [0x00000000f5580000,0x00000000f6a7fff8,0x00000000f6a80000)
  from space 15360K, 0% used [0x00000000f8180000,0x00000000f8180000,0x00000000f9080000)
  to   space 23552K, 0% used [0x00000000f6a80000,0x00000000f6a80000,0x00000000f8180000)
 ParOldGen       total 349696K, used 349695K [0x00000000e0000000, 0x00000000f5580000, 0x00000000f5580000)
  object space 349696K, 99% used [0x00000000e0000000,0x00000000f557fff8,0x00000000f5580000)
 Metaspace       used 61292K, committed 62208K, reserved 1105920K
  class space    used 5545K, committed 5952K, reserved 1048576K
}
Event: 876.859 GC heap before
{Heap before GC invocations=556 (full 412):
 PSYoungGen      total 36864K, used 21503K [0x00000000f5580000, 0x00000000f9980000, 0x0000000100000000)
  eden space 21504K, 99% used [0x00000000f5580000,0x00000000f6a7fff8,0x00000000f6a80000)
  from space 15360K, 0% used [0x00000000f8180000,0x00000000f8180000,0x00000000f9080000)
  to   space 23552K, 0% used [0x00000000f6a80000,0x00000000f6a80000,0x00000000f8180000)
 ParOldGen       total 349696K, used 349695K [0x00000000e0000000, 0x00000000f5580000, 0x00000000f5580000)
  object space 349696K, 99% used [0x00000000e0000000,0x00000000f557fff8,0x00000000f5580000)
 Metaspace       used 61292K, committed 62208K, reserved 1105920K
  class space    used 5545K, committed 5952K, reserved 1048576K
}
Event: 878.438 GC heap after
{Heap after GC invocations=556 (full 412):
 PSYoungGen      total 45056K, used 21503K [0x00000000f5580000, 0x00000000f9980000, 0x0000000100000000)
  eden space 21504K, 99% used [0x00000000f5580000,0x00000000f6a7fff8,0x00000000f6a80000)
  from space 23552K, 0% used [0x00000000f6a80000,0x00000000f6a80000,0x00000000f8180000)
  to   space 15360K, 0% used [0x00000000f8180000,0x00000000f8180000,0x00000000f9080000)
 ParOldGen       total 349696K, used 349695K [0x00000000e0000000, 0x00000000f5580000, 0x00000000f5580000)
  object space 349696K, 99% used [0x00000000e0000000,0x00000000f557fff8,0x00000000f5580000)
 Metaspace       used 61292K, committed 62208K, reserved 1105920K
  class space    used 5545K, committed 5952K, reserved 1048576K
}
Event: 878.438 GC heap before
{Heap before GC invocations=557 (full 413):
 PSYoungGen      total 45056K, used 21503K [0x00000000f5580000, 0x00000000f9980000, 0x0000000100000000)
  eden space 21504K, 99% used [0x00000000f5580000,0x00000000f6a7fff8,0x00000000f6a80000)
  from space 23552K, 0% used [0x00000000f6a80000,0x00000000f6a80000,0x00000000f8180000)
  to   space 15360K, 0% used [0x00000000f8180000,0x00000000f8180000,0x00000000f9080000)
 ParOldGen       total 349696K, used 349695K [0x00000000e0000000, 0x00000000f5580000, 0x00000000f5580000)
  object space 349696K, 99% used [0x00000000e0000000,0x00000000f557fff8,0x00000000f5580000)
 Metaspace       used 61292K, committed 62208K, reserved 1105920K
  class space    used 5545K, committed 5952K, reserved 1048576K
}
Event: 880.461 GC heap after
{Heap after GC invocations=557 (full 413):
 PSYoungGen      total 36864K, used 21503K [0x00000000f5580000, 0x00000000f9980000, 0x0000000100000000)
  eden space 21504K, 99% used [0x00000000f5580000,0x00000000f6a7fcd8,0x00000000f6a80000)
  from space 15360K, 0% used [0x00000000f8180000,0x00000000f8180000,0x00000000f9080000)
  to   space 23552K, 0% used [0x00000000f6a80000,0x00000000f6a80000,0x00000000f8180000)
 ParOldGen       total 349696K, used 349695K [0x00000000e0000000, 0x00000000f5580000, 0x00000000f5580000)
  object space 349696K, 99% used [0x00000000e0000000,0x00000000f557fd90,0x00000000f5580000)
 Metaspace       used 61292K, committed 62208K, reserved 1105920K
  class space    used 5545K, committed 5952K, reserved 1048576K
}
Event: 880.468 GC heap before
{Heap before GC invocations=558 (full 414):
 PSYoungGen      total 36864K, used 21503K [0x00000000f5580000, 0x00000000f9980000, 0x0000000100000000)
  eden space 21504K, 99% used [0x00000000f5580000,0x00000000f6a7fff0,0x00000000f6a80000)
  from space 15360K, 0% used [0x00000000f8180000,0x00000000f8180000,0x00000000f9080000)
  to   space 23552K, 0% used [0x00000000f6a80000,0x00000000f6a80000,0x00000000f8180000)
 ParOldGen       total 349696K, used 349695K [0x00000000e0000000, 0x00000000f5580000, 0x00000000f5580000)
  object space 349696K, 99% used [0x00000000e0000000,0x00000000f557fd90,0x00000000f5580000)
 Metaspace       used 61292K, committed 62208K, reserved 1105920K
  class space    used 5545K, committed 5952K, reserved 1048576K
}
Event: 882.436 GC heap after
{Heap after GC invocations=558 (full 414):
 PSYoungGen      total 45056K, used 21503K [0x00000000f5580000, 0x00000000f9980000, 0x0000000100000000)
  eden space 21504K, 99% used [0x00000000f5580000,0x00000000f6a7fff0,0x00000000f6a80000)
  from space 23552K, 0% used [0x00000000f6a80000,0x00000000f6a80000,0x00000000f8180000)
  to   space 15360K, 0% used [0x00000000f8180000,0x00000000f8180000,0x00000000f9080000)
 ParOldGen       total 349696K, used 349695K [0x00000000e0000000, 0x00000000f5580000, 0x00000000f5580000)
  object space 349696K, 99% used [0x00000000e0000000,0x00000000f557fd90,0x00000000f5580000)
 Metaspace       used 61292K, committed 62208K, reserved 1105920K
  class space    used 5545K, committed 5952K, reserved 1048576K
}
Event: 882.448 GC heap before
{Heap before GC invocations=559 (full 415):
 PSYoungGen      total 45056K, used 21503K [0x00000000f5580000, 0x00000000f9980000, 0x0000000100000000)
  eden space 21504K, 99% used [0x00000000f5580000,0x00000000f6a7fff0,0x00000000f6a80000)
  from space 23552K, 0% used [0x00000000f6a80000,0x00000000f6a80000,0x00000000f8180000)
  to   space 15360K, 0% used [0x00000000f8180000,0x00000000f8180000,0x00000000f9080000)
 ParOldGen       total 349696K, used 349695K [0x00000000e0000000, 0x00000000f5580000, 0x00000000f5580000)
  object space 349696K, 99% used [0x00000000e0000000,0x00000000f557fff8,0x00000000f5580000)
 Metaspace       used 61292K, committed 62208K, reserved 1105920K
  class space    used 5545K, committed 5952K, reserved 1048576K
}
Event: 884.650 GC heap after
{Heap after GC invocations=559 (full 415):
 PSYoungGen      total 36864K, used 21503K [0x00000000f5580000, 0x00000000f9980000, 0x0000000100000000)
  eden space 21504K, 99% used [0x00000000f5580000,0x00000000f6a7ffb8,0x00000000f6a80000)
  from space 15360K, 0% used [0x00000000f8180000,0x00000000f8180000,0x00000000f9080000)
  to   space 23552K, 0% used [0x00000000f6a80000,0x00000000f6a80000,0x00000000f8180000)
 ParOldGen       total 349696K, used 349690K [0x00000000e0000000, 0x00000000f5580000, 0x00000000f5580000)
  object space 349696K, 99% used [0x00000000e0000000,0x00000000f557eb48,0x00000000f5580000)
 Metaspace       used 61292K, committed 62208K, reserved 1105920K
  class space    used 5545K, committed 5952K, reserved 1048576K
}
Event: 884.651 GC heap before
{Heap before GC invocations=560 (full 416):
 PSYoungGen      total 36864K, used 21503K [0x00000000f5580000, 0x00000000f9980000, 0x0000000100000000)
  eden space 21504K, 99% used [0x00000000f5580000,0x00000000f6a7fff8,0x00000000f6a80000)
  from space 15360K, 0% used [0x00000000f8180000,0x00000000f8180000,0x00000000f9080000)
  to   space 23552K, 0% used [0x00000000f6a80000,0x00000000f6a80000,0x00000000f8180000)
 ParOldGen       total 349696K, used 349690K [0x00000000e0000000, 0x00000000f5580000, 0x00000000f5580000)
  object space 349696K, 99% used [0x00000000e0000000,0x00000000f557eb48,0x00000000f5580000)
 Metaspace       used 61292K, committed 62208K, reserved 1105920K
  class space    used 5545K, committed 5952K, reserved 1048576K
}
Event: 886.355 GC heap after
{Heap after GC invocations=560 (full 416):
 PSYoungGen      total 45056K, used 21503K [0x00000000f5580000, 0x00000000f9980000, 0x0000000100000000)
  eden space 21504K, 99% used [0x00000000f5580000,0x00000000f6a7fff8,0x00000000f6a80000)
  from space 23552K, 0% used [0x00000000f6a80000,0x00000000f6a80000,0x00000000f8180000)
  to   space 15360K, 0% used [0x00000000f8180000,0x00000000f8180000,0x00000000f9080000)
 ParOldGen       total 349696K, used 349690K [0x00000000e0000000, 0x00000000f5580000, 0x00000000f5580000)
  object space 349696K, 99% used [0x00000000e0000000,0x00000000f557e990,0x00000000f5580000)
 Metaspace       used 61292K, committed 62208K, reserved 1105920K
  class space    used 5545K, committed 5952K, reserved 1048576K
}
Event: 886.355 GC heap before
{Heap before GC invocations=561 (full 417):
 PSYoungGen      total 45056K, used 21503K [0x00000000f5580000, 0x00000000f9980000, 0x0000000100000000)
  eden space 21504K, 99% used [0x00000000f5580000,0x00000000f6a7fff8,0x00000000f6a80000)
  from space 23552K, 0% used [0x00000000f6a80000,0x00000000f6a80000,0x00000000f8180000)
  to   space 15360K, 0% used [0x00000000f8180000,0x00000000f8180000,0x00000000f9080000)
 ParOldGen       total 349696K, used 349695K [0x00000000e0000000, 0x00000000f5580000, 0x00000000f5580000)
  object space 349696K, 99% used [0x00000000e0000000,0x00000000f557fdd0,0x00000000f5580000)
 Metaspace       used 61292K, committed 62208K, reserved 1105920K
  class space    used 5545K, committed 5952K, reserved 1048576K
}
Event: 888.260 GC heap after
{Heap after GC invocations=561 (full 417):
 PSYoungGen      total 36864K, used 21503K [0x00000000f5580000, 0x00000000f9980000, 0x0000000100000000)
  eden space 21504K, 99% used [0x00000000f5580000,0x00000000f6a7fff8,0x00000000f6a80000)
  from space 15360K, 0% used [0x00000000f8180000,0x00000000f8180000,0x00000000f9080000)
  to   space 23552K, 0% used [0x00000000f6a80000,0x00000000f6a80000,0x00000000f8180000)
 ParOldGen       total 349696K, used 349694K [0x00000000e0000000, 0x00000000f5580000, 0x00000000f5580000)
  object space 349696K, 99% used [0x00000000e0000000,0x00000000f557f878,0x00000000f5580000)
 Metaspace       used 61292K, committed 62208K, reserved 1105920K
  class space    used 5545K, committed 5952K, reserved 1048576K
}
Event: 888.263 GC heap before
{Heap before GC invocations=562 (full 418):
 PSYoungGen      total 36864K, used 21503K [0x00000000f5580000, 0x00000000f9980000, 0x0000000100000000)
  eden space 21504K, 99% used [0x00000000f5580000,0x00000000f6a7fff8,0x00000000f6a80000)
  from space 15360K, 0% used [0x00000000f8180000,0x00000000f8180000,0x00000000f9080000)
  to   space 23552K, 0% used [0x00000000f6a80000,0x00000000f6a80000,0x00000000f8180000)
 ParOldGen       total 349696K, used 349694K [0x00000000e0000000, 0x00000000f5580000, 0x00000000f5580000)
  object space 349696K, 99% used [0x00000000e0000000,0x00000000f557f928,0x00000000f5580000)
 Metaspace       used 61292K, committed 62208K, reserved 1105920K
  class space    used 5545K, committed 5952K, reserved 1048576K
}
Event: 890.253 GC heap after
{Heap after GC invocations=562 (full 418):
 PSYoungGen      total 45056K, used 21503K [0x00000000f5580000, 0x00000000f9980000, 0x0000000100000000)
  eden space 21504K, 99% used [0x00000000f5580000,0x00000000f6a7fff8,0x00000000f6a80000)
  from space 23552K, 0% used [0x00000000f6a80000,0x00000000f6a80000,0x00000000f8180000)
  to   space 15360K, 0% used [0x00000000f8180000,0x00000000f8180000,0x00000000f9080000)
 ParOldGen       total 349696K, used 349694K [0x00000000e0000000, 0x00000000f5580000, 0x00000000f5580000)
  object space 349696K, 99% used [0x00000000e0000000,0x00000000f557f878,0x00000000f5580000)
 Metaspace       used 61292K, committed 62208K, reserved 1105920K
  class space    used 5545K, committed 5952K, reserved 1048576K
}
Event: 890.253 GC heap before
{Heap before GC invocations=563 (full 419):
 PSYoungGen      total 45056K, used 21503K [0x00000000f5580000, 0x00000000f9980000, 0x0000000100000000)
  eden space 21504K, 99% used [0x00000000f5580000,0x00000000f6a7fff8,0x00000000f6a80000)
  from space 23552K, 0% used [0x00000000f6a80000,0x00000000f6a80000,0x00000000f8180000)
  to   space 15360K, 0% used [0x00000000f8180000,0x00000000f8180000,0x00000000f9080000)
 ParOldGen       total 349696K, used 349694K [0x00000000e0000000, 0x00000000f5580000, 0x00000000f5580000)
  object space 349696K, 99% used [0x00000000e0000000,0x00000000f557f878,0x00000000f5580000)
 Metaspace       used 61292K, committed 62208K, reserved 1105920K
  class space    used 5545K, committed 5952K, reserved 1048576K
}
Event: 892.847 GC heap after
{Heap after GC invocations=563 (full 419):
 PSYoungGen      total 36864K, used 21503K [0x00000000f5580000, 0x00000000f9980000, 0x0000000100000000)
  eden space 21504K, 99% used [0x00000000f5580000,0x00000000f6a7fff8,0x00000000f6a80000)
  from space 15360K, 0% used [0x00000000f8180000,0x00000000f8180000,0x00000000f9080000)
  to   space 23552K, 0% used [0x00000000f6a80000,0x00000000f6a80000,0x00000000f8180000)
 ParOldGen       total 349696K, used 349694K [0x00000000e0000000, 0x00000000f5580000, 0x00000000f5580000)
  object space 349696K, 99% used [0x00000000e0000000,0x00000000f557f878,0x00000000f5580000)
 Metaspace       used 61292K, committed 62208K, reserved 1105920K
  class space    used 5545K, committed 5952K, reserved 1048576K
}

