# JRE version: OpenJDK Runtime Environment GraalVM CE 22.3.0 (17.0.5+8) (build 17.0.5+8-jvmci-22.3-b08)
# Java VM: OpenJDK 64-Bit Server VM GraalVM CE 22.3.0 (17.0.5+8-jvmci-22.3-b08, mixed mode, sharing, tiered, jvmci, jvmci compiler, compressed oops, compressed class ptrs, parallel gc, linux-amd64)
GC Precious Log:
 CPUs: 8 total, 1 available
 Memory: 1024M
 Large Page Support: Disabled
 NUMA Support: Disabled
 Compressed Oops: Enabled (32-bit)
 Alignments: Space 512K, Generation 512K, Heap 2M
 Heap Min Capacity: 100M
 Heap Initial Capacity: 100M
 Heap Max Capacity: 512M
 Pre-touch: Disabled
 Parallel Workers: 1
Heap:
 PSYoungGen      total 32256K, used 24063K [0x00000000f5580000, 0x00000000f7e80000, 0x0000000100000000)
  eden space 24064K, 99% used [0x00000000f5580000,0x00000000f6cffff8,0x00000000f6d00000)
  from space 8192K, 0% used [0x00000000f6d00000,0x00000000f6d00000,0x00000000f7500000)
  to   space 6656K, 0% used [0x00000000f7680000,0x00000000f7680000,0x00000000f7d00000)
 ParOldGen       total 349696K, used 349696K [0x00000000e0000000, 0x00000000f5580000, 0x00000000f5580000)
  object space 349696K, 100% used [0x00000000e0000000,0x00000000f5580000,0x00000000f5580000)
 Metaspace       used 61955K, committed 62912K, reserved 1105920K
  class space    used 6055K, committed 6528K, reserved 1048576K
GC Heap History (20 events):
Event: 1593.123 GC heap before
{Heap before GC invocations=1122 (full 996):
 PSYoungGen      total 32256K, used 24063K [0x00000000f5580000, 0x00000000f7e80000, 0x0000000100000000)
  eden space 24064K, 99% used [0x00000000f5580000,0x00000000f6cffff0,0x00000000f6d00000)
  from space 8192K, 0% used [0x00000000f6d00000,0x00000000f6d00000,0x00000000f7500000)
  to   space 6656K, 0% used [0x00000000f7680000,0x00000000f7680000,0x00000000f7d00000)
 ParOldGen       total 349696K, used 349695K [0x00000000e0000000, 0x00000000f5580000, 0x00000000f5580000)
  object space 349696K, 99% used [0x00000000e0000000,0x00000000f557fd60,0x00000000f5580000)
 Metaspace       used 61955K, committed 62912K, reserved 1105920K
  class space    used 6055K, committed 6528K, reserved 1048576K
}
Event: 1594.496 GC heap after
{Heap after GC invocations=1122 (full 996):
 PSYoungGen      total 30720K, used 24063K [0x00000000f5580000, 0x00000000f7e80000, 0x0000000100000000)
  eden space 24064K, 99% used [0x00000000f5580000,0x00000000f6cfffb8,0x00000000f6d00000)
  from space 6656K, 0% used [0x00000000f7680000,0x00000000f7680000,0x00000000f7d00000)
  to   space 8192K, 0% used [0x00000000f6d00000,0x00000000f6d00000,0x00000000f7500000)
 ParOldGen       total 349696K, used 349695K [0x00000000e0000000, 0x00000000f5580000, 0x00000000f5580000)
  object space 349696K, 99% used [0x00000000e0000000,0x00000000f557fd60,0x00000000f5580000)
 Metaspace       used 61955K, committed 62912K, reserved 1105920K
  class space    used 6055K, committed 6528K, reserved 1048576K
}
Event: 1594.496 GC heap before
{Heap before GC invocations=1123 (full 997):
 PSYoungGen      total 30720K, used 24063K [0x00000000f5580000, 0x00000000f7e80000, 0x0000000100000000)
  eden space 24064K, 99% used [0x00000000f5580000,0x00000000f6cffff0,0x00000000f6d00000)
  from space 6656K, 0% used [0x00000000f7680000,0x00000000f7680000,0x00000000f7d00000)
  to   space 8192K, 0% used [0x00000000f6d00000,0x00000000f6d00000,0x00000000f7500000)
 ParOldGen       total 349696K, used 349695K [0x00000000e0000000, 0x00000000f5580000, 0x00000000f5580000)
  object space 349696K, 99% used [0x00000000e0000000,0x00000000f557fff8,0x00000000f5580000)
 Metaspace       used 61955K, committed 62912K, reserved 1105920K
  class space    used 6055K, committed 6528K, reserved 1048576K
}
Event: 1595.915 GC heap after
{Heap after GC invocations=1123 (full 997):
 PSYoungGen      total 32256K, used 24063K [0x00000000f5580000, 0x00000000f7e80000, 0x0000000100000000)
  eden space 24064K, 99% used [0x00000000f5580000,0x00000000f6cfffd0,0x00000000f6d00000)
  from space 8192K, 0% used [0x00000000f6d00000,0x00000000f6d00000,0x00000000f7500000)
  to   space 6656K, 0% used [0x00000000f7680000,0x00000000f7680000,0x00000000f7d00000)
 ParOldGen       total 349696K, used 349695K [0x00000000e0000000, 0x00000000f5580000, 0x00000000f5580000)
  object space 349696K, 99% used [0x00000000e0000000,0x00000000f557ff48,0x00000000f5580000)
 Metaspace       used 61955K, committed 62912K, reserved 1105920K
  class space    used 6055K, committed 6528K, reserved 1048576K
}
Event: 1595.920 GC heap before
{Heap before GC invocations=1124 (full 998):
 PSYoungGen      total 32256K, used 24063K [0x00000000f5580000, 0x00000000f7e80000, 0x0000000100000000)
  eden space 24064K, 99% used [0x00000000f5580000,0x00000000f6cffff0,0x00000000f6d00000)
  from space 8192K, 0% used [0x00000000f6d00000,0x00000000f6d00000,0x00000000f7500000)
  to   space 6656K, 0% used [0x00000000f7680000,0x00000000f7680000,0x00000000f7d00000)
 ParOldGen       total 349696K, used 349695K [0x00000000e0000000, 0x00000000f5580000, 0x00000000f5580000)
  object space 349696K, 99% used [0x00000000e0000000,0x00000000f557ff48,0x00000000f5580000)
 Metaspace       used 61955K, committed 62912K, reserved 1105920K
  class space    used 6055K, committed 6528K, reserved 1048576K
}
Event: 1597.393 GC heap after
{Heap after GC invocations=1124 (full 998):
 PSYoungGen      total 30720K, used 24063K [0x00000000f5580000, 0x00000000f7e80000, 0x0000000100000000)
  eden space 24064K, 99% used [0x00000000f5580000,0x00000000f6cfffd0,0x00000000f6d00000)
  from space 6656K, 0% used [0x00000000f7680000,0x00000000f7680000,0x00000000f7d00000)
  to   space 8192K, 0% used [0x00000000f6d00000,0x00000000f6d00000,0x00000000f7500000)
 ParOldGen       total 349696K, used 349695K [0x00000000e0000000, 0x00000000f5580000, 0x00000000f5580000)
  object space 349696K, 99% used [0x00000000e0000000,0x00000000f557ff48,0x00000000f5580000)
 Metaspace       used 61955K, committed 62912K, reserved 1105920K
  class space    used 6055K, committed 6528K, reserved 1048576K
}
Event: 1597.393 GC heap before
{Heap before GC invocations=1125 (full 999):
 PSYoungGen      total 30720K, used 24063K [0x00000000f5580000, 0x00000000f7e80000, 0x0000000100000000)
  eden space 24064K, 99% used [0x00000000f5580000,0x00000000f6cffff0,0x00000000f6d00000)
  from space 6656K, 0% used [0x00000000f7680000,0x00000000f7680000,0x00000000f7d00000)
  to   space 8192K, 0% used [0x00000000f6d00000,0x00000000f6d00000,0x00000000f7500000)
 ParOldGen       total 349696K, used 349695K [0x00000000e0000000, 0x00000000f5580000, 0x00000000f5580000)
  object space 349696K, 99% used [0x00000000e0000000,0x00000000f557ff48,0x00000000f5580000)
 Metaspace       used 61955K, committed 62912K, reserved 1105920K
  class space    used 6055K, committed 6528K, reserved 1048576K
}
Event: 1598.536 GC heap after
{Heap after GC invocations=1125 (full 999):
 PSYoungGen      total 32256K, used 24063K [0x00000000f5580000, 0x00000000f7e80000, 0x0000000100000000)
  eden space 24064K, 99% used [0x00000000f5580000,0x00000000f6cffff0,0x00000000f6d00000)
  from space 8192K, 0% used [0x00000000f6d00000,0x00000000f6d00000,0x00000000f7500000)
  to   space 6656K, 0% used [0x00000000f7680000,0x00000000f7680000,0x00000000f7d00000)
 ParOldGen       total 349696K, used 349695K [0x00000000e0000000, 0x00000000f5580000, 0x00000000f5580000)
  object space 349696K, 99% used [0x00000000e0000000,0x00000000f557ff48,0x00000000f5580000)
 Metaspace       used 61955K, committed 62912K, reserved 1105920K
  class space    used 6055K, committed 6528K, reserved 1048576K
}
Event: 1598.537 GC heap before
{Heap before GC invocations=1126 (full 1000):
 PSYoungGen      total 32256K, used 24063K [0x00000000f5580000, 0x00000000f7e80000, 0x0000000100000000)
  eden space 24064K, 99% used [0x00000000f5580000,0x00000000f6cffff0,0x00000000f6d00000)
  from space 8192K, 0% used [0x00000000f6d00000,0x00000000f6d00000,0x00000000f7500000)
  to   space 6656K, 0% used [0x00000000f7680000,0x00000000f7680000,0x00000000f7d00000)
 ParOldGen       total 349696K, used 349695K [0x00000000e0000000, 0x00000000f5580000, 0x00000000f5580000)
  object space 349696K, 99% used [0x00000000e0000000,0x00000000f557ffe8,0x00000000f5580000)
 Metaspace       used 61955K, committed 62912K, reserved 1105920K
  class space    used 6055K, committed 6528K, reserved 1048576K
}
Event: 1599.890 GC heap after
{Heap after GC invocations=1126 (full 1000):
 PSYoungGen      total 30720K, used 24063K [0x00000000f5580000, 0x00000000f7e80000, 0x0000000100000000)
  eden space 24064K, 99% used [0x00000000f5580000,0x00000000f6cfffb0,0x00000000f6d00000)
  from space 6656K, 0% used [0x00000000f7680000,0x00000000f7680000,0x00000000f7d00000)
  to   space 8192K, 0% used [0x00000000f6d00000,0x00000000f6d00000,0x00000000f7500000)
 ParOldGen       total 349696K, used 349695K [0x00000000e0000000, 0x00000000f5580000, 0x00000000f5580000)
  object space 349696K, 99% used [0x00000000e0000000,0x00000000f557ff60,0x00000000f5580000)
 Metaspace       used 61955K, committed 62912K, reserved 1105920K
  class space    used 6055K, committed 6528K, reserved 1048576K
}
Event: 1599.890 GC heap before
{Heap before GC invocations=1127 (full 1001):
 PSYoungGen      total 30720K, used 24063K [0x00000000f5580000, 0x00000000f7e80000, 0x0000000100000000)
  eden space 24064K, 99% used [0x00000000f5580000,0x00000000f6cffff8,0x00000000f6d00000)
  from space 6656K, 0% used [0x00000000f7680000,0x00000000f7680000,0x00000000f7d00000)
  to   space 8192K, 0% used [0x00000000f6d00000,0x00000000f6d00000,0x00000000f7500000)
 ParOldGen       total 349696K, used 349695K [0x00000000e0000000, 0x00000000f5580000, 0x00000000f5580000)
  object space 349696K, 99% used [0x00000000e0000000,0x00000000f557ff60,0x00000000f5580000)
 Metaspace       used 61955K, committed 62912K, reserved 1105920K
  class space    used 6055K, committed 6528K, reserved 1048576K
}
Event: 1601.133 GC heap after
{Heap after GC invocations=1127 (full 1001):
 PSYoungGen      total 32256K, used 24063K [0x00000000f5580000, 0x00000000f7e80000, 0x0000000100000000)
  eden space 24064K, 99% used [0x00000000f5580000,0x00000000f6cffff8,0x00000000f6d00000)
  from space 8192K, 0% used [0x00000000f6d00000,0x00000000f6d00000,0x00000000f7500000)
  to   space 6656K, 0% used [0x00000000f7680000,0x00000000f7680000,0x00000000f7d00000)
 ParOldGen       total 349696K, used 349695K [0x00000000e0000000, 0x00000000f5580000, 0x00000000f5580000)
  object space 349696K, 99% used [0x00000000e0000000,0x00000000f557ff60,0x00000000f5580000)
 Metaspace       used 61955K, committed 62912K, reserved 1105920K
  class space    used 6055K, committed 6528K, reserved 1048576K
}
Event: 1601.133 GC heap before
{Heap before GC invocations=1128 (full 1002):
 PSYoungGen      total 32256K, used 24063K [0x00000000f5580000, 0x00000000f7e80000, 0x0000000100000000)
  eden space 24064K, 99% used [0x00000000f5580000,0x00000000f6cffff8,0x00000000f6d00000)
  from space 8192K, 0% used [0x00000000f6d00000,0x00000000f6d00000,0x00000000f7500000)
  to   space 6656K, 0% used [0x00000000f7680000,0x00000000f7680000,0x00000000f7d00000)
 ParOldGen       total 349696K, used 349696K [0x00000000e0000000, 0x00000000f5580000, 0x00000000f5580000)
  object space 349696K, 100% used [0x00000000e0000000,0x00000000f5580000,0x00000000f5580000)
 Metaspace       used 61955K, committed 62912K, reserved 1105920K
  class space    used 6055K, committed 6528K, reserved 1048576K
}
Event: 1602.397 GC heap after
{Heap after GC invocations=1128 (full 1002):
 PSYoungGen      total 30720K, used 24063K [0x00000000f5580000, 0x00000000f7e80000, 0x0000000100000000)
  eden space 24064K, 99% used [0x00000000f5580000,0x00000000f6cffff8,0x00000000f6d00000)
  from space 6656K, 0% used [0x00000000f7680000,0x00000000f7680000,0x00000000f7d00000)
  to   space 8192K, 0% used [0x00000000f6d00000,0x00000000f6d00000,0x00000000f7500000)
 ParOldGen       total 349696K, used 349696K [0x00000000e0000000, 0x00000000f5580000, 0x00000000f5580000)
  object space 349696K, 100% used [0x00000000e0000000,0x00000000f5580000,0x00000000f5580000)
 Metaspace       used 61955K, committed 62912K, reserved 1105920K
  class space    used 6055K, committed 6528K, reserved 1048576K
}
Event: 1602.397 GC heap before
{Heap before GC invocations=1129 (full 1003):
 PSYoungGen      total 30720K, used 24063K [0x00000000f5580000, 0x00000000f7e80000, 0x0000000100000000)
  eden space 24064K, 99% used [0x00000000f5580000,0x00000000f6cffff8,0x00000000f6d00000)
  from space 6656K, 0% used [0x00000000f7680000,0x00000000f7680000,0x00000000f7d00000)
  to   space 8192K, 0% used [0x00000000f6d00000,0x00000000f6d00000,0x00000000f7500000)
 ParOldGen       total 349696K, used 349696K [0x00000000e0000000, 0x00000000f5580000, 0x00000000f5580000)
  object space 349696K, 100% used [0x00000000e0000000,0x00000000f5580000,0x00000000f5580000)
 Metaspace       used 61955K, committed 62912K, reserved 1105920K
  class space    used 6055K, committed 6528K, reserved 1048576K
}
Event: 1603.698 GC heap after
{Heap after GC invocations=1129 (full 1003):
 PSYoungGen      total 32256K, used 24063K [0x00000000f5580000, 0x00000000f7e80000, 0x0000000100000000)
  eden space 24064K, 99% used [0x00000000f5580000,0x00000000f6cffff8,0x00000000f6d00000)
  from space 8192K, 0% used [0x00000000f6d00000,0x00000000f6d00000,0x00000000f7500000)
  to   space 6656K, 0% used [0x00000000f7680000,0x00000000f7680000,0x00000000f7d00000)
 ParOldGen       total 349696K, used 349696K [0x00000000e0000000, 0x00000000f5580000, 0x00000000f5580000)
  object space 349696K, 100% used [0x00000000e0000000,0x00000000f5580000,0x00000000f5580000)
 Metaspace       used 61955K, committed 62912K, reserved 1105920K
  class space    used 6055K, committed 6528K, reserved 1048576K
}
Event: 1603.699 GC heap before
{Heap before GC invocations=1130 (full 1004):
 PSYoungGen      total 32256K, used 24063K [0x00000000f5580000, 0x00000000f7e80000, 0x0000000100000000)
  eden space 24064K, 99% used [0x00000000f5580000,0x00000000f6cffff8,0x00000000f6d00000)
  from space 8192K, 0% used [0x00000000f6d00000,0x00000000f6d00000,0x00000000f7500000)
  to   space 6656K, 0% used [0x00000000f7680000,0x00000000f7680000,0x00000000f7d00000)
 ParOldGen       total 349696K, used 349696K [0x00000000e0000000, 0x00000000f5580000, 0x00000000f5580000)
  object space 349696K, 100% used [0x00000000e0000000,0x00000000f5580000,0x00000000f5580000)
 Metaspace       used 61955K, committed 62912K, reserved 1105920K
  class space    used 6055K, committed 6528K, reserved 1048576K
}
Event: 1605.012 GC heap after
{Heap after GC invocations=1130 (full 1004):
 PSYoungGen      total 30720K, used 24063K [0x00000000f5580000, 0x00000000f7e80000, 0x0000000100000000)
  eden space 24064K, 99% used [0x00000000f5580000,0x00000000f6cffff8,0x00000000f6d00000)
  from space 6656K, 0% used [0x00000000f7680000,0x00000000f7680000,0x00000000f7d00000)
  to   space 8192K, 0% used [0x00000000f6d00000,0x00000000f6d00000,0x00000000f7500000)
 ParOldGen       total 349696K, used 349696K [0x00000000e0000000, 0x00000000f5580000, 0x00000000f5580000)
  object space 349696K, 100% used [0x00000000e0000000,0x00000000f5580000,0x00000000f5580000)
 Metaspace       used 61955K, committed 62912K, reserved 1105920K
  class space    used 6055K, committed 6528K, reserved 1048576K
}
Event: 1605.012 GC heap before
{Heap before GC invocations=1131 (full 1005):
 PSYoungGen      total 30720K, used 24063K [0x00000000f5580000, 0x00000000f7e80000, 0x0000000100000000)
  eden space 24064K, 99% used [0x00000000f5580000,0x00000000f6cffff8,0x00000000f6d00000)
  from space 6656K, 0% used [0x00000000f7680000,0x00000000f7680000,0x00000000f7d00000)
  to   space 8192K, 0% used [0x00000000f6d00000,0x00000000f6d00000,0x00000000f7500000)
 ParOldGen       total 349696K, used 349696K [0x00000000e0000000, 0x00000000f5580000, 0x00000000f5580000)
  object space 349696K, 100% used [0x00000000e0000000,0x00000000f5580000,0x00000000f5580000)
 Metaspace       used 61955K, committed 62912K, reserved 1105920K
  class space    used 6055K, committed 6528K, reserved 1048576K
}
Event: 1606.534 GC heap after
{Heap after GC invocations=1131 (full 1005):
 PSYoungGen      total 32256K, used 24063K [0x00000000f5580000, 0x00000000f7e80000, 0x0000000100000000)
  eden space 24064K, 99% used [0x00000000f5580000,0x00000000f6cffff8,0x00000000f6d00000)
  from space 8192K, 0% used [0x00000000f6d00000,0x00000000f6d00000,0x00000000f7500000)
  to   space 6656K, 0% used [0x00000000f7680000,0x00000000f7680000,0x00000000f7d00000)
 ParOldGen       total 349696K, used 349696K [0x00000000e0000000, 0x00000000f5580000, 0x00000000f5580000)
  object space 349696K, 100% used [0x00000000e0000000,0x00000000f5580000,0x00000000f5580000)
 Metaspace       used 61955K, committed 62912K, reserved 1105920K
  class space    used 6055K, committed 6528K, reserved 1048576K
}

