# JRE version: OpenJDK Runtime Environment GraalVM CE 22.3.0 (17.0.5+8) (build 17.0.5+8-jvmci-22.3-b08)
# Java VM: OpenJDK 64-Bit Server VM GraalVM CE 22.3.0 (17.0.5+8-jvmci-22.3-b08, mixed mode, sharing, tiered, jvmci, jvmci compiler, compressed oops, compressed class ptrs, parallel gc, linux-amd64)
GC Precious Log:
 CPUs: 8 total, 1 available
 Memory: 1024M
 Large Page Support: Disabled
 NUMA Support: Disabled
 Compressed Oops: Enabled (32-bit)
 Alignments: Space 512K, Generation 512K, Heap 2M
 Heap Min Capacity: 100M
 Heap Initial Capacity: 100M
 Heap Max Capacity: 512M
 Pre-touch: Disabled
 Parallel Workers: 1
Heap:
 PSYoungGen      total 71680K, used 59391K [0x00000000f5580000, 0x00000000fa980000, 0x0000000100000000)
  eden space 59392K, 99% used [0x00000000f5580000,0x00000000f8f7fff0,0x00000000f8f80000)
  from space 12288K, 0% used [0x00000000f8f80000,0x00000000f8f80000,0x00000000f9b80000)
  to   space 11776K, 0% used [0x00000000f9c00000,0x00000000f9c00000,0x00000000fa780000)
 ParOldGen       total 349696K, used 349694K [0x00000000e0000000, 0x00000000f5580000, 0x00000000f5580000)
  object space 349696K, 99% used [0x00000000e0000000,0x00000000f557f930,0x00000000f5580000)
 Metaspace       used 67254K, committed 68224K, reserved 1114112K
  class space    used 6437K, committed 6848K, reserved 1048576K
GC Heap History (20 events):
Event: 3324.156 GC heap before
{Heap before GC invocations=2173 (full 2031):
 PSYoungGen      total 71680K, used 59391K [0x00000000f5580000, 0x00000000fa980000, 0x0000000100000000)
  eden space 59392K, 99% used [0x00000000f5580000,0x00000000f8f7fff0,0x00000000f8f80000)
  from space 12288K, 0% used [0x00000000f8f80000,0x00000000f8f80000,0x00000000f9b80000)
  to   space 11776K, 0% used [0x00000000f9c00000,0x00000000f9c00000,0x00000000fa780000)
 ParOldGen       total 349696K, used 349690K [0x00000000e0000000, 0x00000000f5580000, 0x00000000f5580000)
  object space 349696K, 99% used [0x00000000e0000000,0x00000000f557e980,0x00000000f5580000)
 Metaspace       used 67254K, committed 68224K, reserved 1114112K
  class space    used 6437K, committed 6848K, reserved 1048576K
}
Event: 3325.802 GC heap after
{Heap after GC invocations=2173 (full 2031):
 PSYoungGen      total 71168K, used 59390K [0x00000000f5580000, 0x00000000fa980000, 0x0000000100000000)
  eden space 59392K, 99% used [0x00000000f5580000,0x00000000f8f7fbe8,0x00000000f8f80000)
  from space 11776K, 0% used [0x00000000f9c00000,0x00000000f9c00000,0x00000000fa780000)
  to   space 12288K, 0% used [0x00000000f8f80000,0x00000000f8f80000,0x00000000f9b80000)
 ParOldGen       total 349696K, used 349690K [0x00000000e0000000, 0x00000000f5580000, 0x00000000f5580000)
  object space 349696K, 99% used [0x00000000e0000000,0x00000000f557e8f0,0x00000000f5580000)
 Metaspace       used 67254K, committed 68224K, reserved 1114112K
  class space    used 6437K, committed 6848K, reserved 1048576K
}
Event: 3325.807 GC heap before
{Heap before GC invocations=2174 (full 2032):
 PSYoungGen      total 71168K, used 59391K [0x00000000f5580000, 0x00000000fa980000, 0x0000000100000000)
  eden space 59392K, 99% used [0x00000000f5580000,0x00000000f8f7fff8,0x00000000f8f80000)
  from space 11776K, 0% used [0x00000000f9c00000,0x00000000f9c00000,0x00000000fa780000)
  to   space 12288K, 0% used [0x00000000f8f80000,0x00000000f8f80000,0x00000000f9b80000)
 ParOldGen       total 349696K, used 349690K [0x00000000e0000000, 0x00000000f5580000, 0x00000000f5580000)
  object space 349696K, 99% used [0x00000000e0000000,0x00000000f557e8f0,0x00000000f5580000)
 Metaspace       used 67254K, committed 68224K, reserved 1114112K
  class space    used 6437K, committed 6848K, reserved 1048576K
}
Event: 3327.484 GC heap after
{Heap after GC invocations=2174 (full 2032):
 PSYoungGen      total 71680K, used 59391K [0x00000000f5580000, 0x00000000fa980000, 0x0000000100000000)
  eden space 59392K, 99% used [0x00000000f5580000,0x00000000f8f7fc10,0x00000000f8f80000)
  from space 12288K, 0% used [0x00000000f8f80000,0x00000000f8f80000,0x00000000f9b80000)
  to   space 11776K, 0% used [0x00000000f9c00000,0x00000000f9c00000,0x00000000fa780000)
 ParOldGen       total 349696K, used 349690K [0x00000000e0000000, 0x00000000f5580000, 0x00000000f5580000)
  object space 349696K, 99% used [0x00000000e0000000,0x00000000f557e840,0x00000000f5580000)
 Metaspace       used 67254K, committed 68224K, reserved 1114112K
  class space    used 6437K, committed 6848K, reserved 1048576K
}
Event: 3327.487 GC heap before
{Heap before GC invocations=2175 (full 2033):
 PSYoungGen      total 71680K, used 59391K [0x00000000f5580000, 0x00000000fa980000, 0x0000000100000000)
  eden space 59392K, 99% used [0x00000000f5580000,0x00000000f8f7fff0,0x00000000f8f80000)
  from space 12288K, 0% used [0x00000000f8f80000,0x00000000f8f80000,0x00000000f9b80000)
  to   space 11776K, 0% used [0x00000000f9c00000,0x00000000f9c00000,0x00000000fa780000)
 ParOldGen       total 349696K, used 349690K [0x00000000e0000000, 0x00000000f5580000, 0x00000000f5580000)
  object space 349696K, 99% used [0x00000000e0000000,0x00000000f557e840,0x00000000f5580000)
 Metaspace       used 67254K, committed 68224K, reserved 1114112K
  class space    used 6437K, committed 6848K, reserved 1048576K
}
Event: 3329.023 GC heap after
{Heap after GC invocations=2175 (full 2033):
 PSYoungGen      total 71168K, used 59391K [0x00000000f5580000, 0x00000000fa980000, 0x0000000100000000)
  eden space 59392K, 99% used [0x00000000f5580000,0x00000000f8f7fe60,0x00000000f8f80000)
  from space 11776K, 0% used [0x00000000f9c00000,0x00000000f9c00000,0x00000000fa780000)
  to   space 12288K, 0% used [0x00000000f8f80000,0x00000000f8f80000,0x00000000f9b80000)
 ParOldGen       total 349696K, used 349690K [0x00000000e0000000, 0x00000000f5580000, 0x00000000f5580000)
  object space 349696K, 99% used [0x00000000e0000000,0x00000000f557e840,0x00000000f5580000)
 Metaspace       used 67254K, committed 68224K, reserved 1114112K
  class space    used 6437K, committed 6848K, reserved 1048576K
}
Event: 3329.024 GC heap before
{Heap before GC invocations=2176 (full 2034):
 PSYoungGen      total 71168K, used 59391K [0x00000000f5580000, 0x00000000fa980000, 0x0000000100000000)
  eden space 59392K, 99% used [0x00000000f5580000,0x00000000f8f7ffd8,0x00000000f8f80000)
  from space 11776K, 0% used [0x00000000f9c00000,0x00000000f9c00000,0x00000000fa780000)
  to   space 12288K, 0% used [0x00000000f8f80000,0x00000000f8f80000,0x00000000f9b80000)
 ParOldGen       total 349696K, used 349690K [0x00000000e0000000, 0x00000000f5580000, 0x00000000f5580000)
  object space 349696K, 99% used [0x00000000e0000000,0x00000000f557e840,0x00000000f5580000)
 Metaspace       used 67254K, committed 68224K, reserved 1114112K
  class space    used 6437K, committed 6848K, reserved 1048576K
}
Event: 3330.604 GC heap after
{Heap after GC invocations=2176 (full 2034):
 PSYoungGen      total 71680K, used 59391K [0x00000000f5580000, 0x00000000fa980000, 0x0000000100000000)
  eden space 59392K, 99% used [0x00000000f5580000,0x00000000f8f7fcb0,0x00000000f8f80000)
  from space 12288K, 0% used [0x00000000f8f80000,0x00000000f8f80000,0x00000000f9b80000)
  to   space 11776K, 0% used [0x00000000f9c00000,0x00000000f9c00000,0x00000000fa780000)
 ParOldGen       total 349696K, used 349690K [0x00000000e0000000, 0x00000000f5580000, 0x00000000f5580000)
  object space 349696K, 99% used [0x00000000e0000000,0x00000000f557e840,0x00000000f5580000)
 Metaspace       used 67254K, committed 68224K, reserved 1114112K
  class space    used 6437K, committed 6848K, reserved 1048576K
}
Event: 3330.604 GC heap before
{Heap before GC invocations=2177 (full 2035):
 PSYoungGen      total 71680K, used 59391K [0x00000000f5580000, 0x00000000fa980000, 0x0000000100000000)
  eden space 59392K, 99% used [0x00000000f5580000,0x00000000f8f7ffe0,0x00000000f8f80000)
  from space 12288K, 0% used [0x00000000f8f80000,0x00000000f8f80000,0x00000000f9b80000)
  to   space 11776K, 0% used [0x00000000f9c00000,0x00000000f9c00000,0x00000000fa780000)
 ParOldGen       total 349696K, used 349690K [0x00000000e0000000, 0x00000000f5580000, 0x00000000f5580000)
  object space 349696K, 99% used [0x00000000e0000000,0x00000000f557e840,0x00000000f5580000)
 Metaspace       used 67254K, committed 68224K, reserved 1114112K
  class space    used 6437K, committed 6848K, reserved 1048576K
}
Event: 3332.395 GC heap after
{Heap after GC invocations=2177 (full 2035):
 PSYoungGen      total 71168K, used 59391K [0x00000000f5580000, 0x00000000fa980000, 0x0000000100000000)
  eden space 59392K, 99% used [0x00000000f5580000,0x00000000f8f7fd40,0x00000000f8f80000)
  from space 11776K, 0% used [0x00000000f9c00000,0x00000000f9c00000,0x00000000fa780000)
  to   space 12288K, 0% used [0x00000000f8f80000,0x00000000f8f80000,0x00000000f9b80000)
 ParOldGen       total 349696K, used 349690K [0x00000000e0000000, 0x00000000f5580000, 0x00000000f5580000)
  object space 349696K, 99% used [0x00000000e0000000,0x00000000f557e840,0x00000000f5580000)
 Metaspace       used 67254K, committed 68224K, reserved 1114112K
  class space    used 6437K, committed 6848K, reserved 1048576K
}
Event: 3332.395 GC heap before
{Heap before GC invocations=2178 (full 2036):
 PSYoungGen      total 71168K, used 59391K [0x00000000f5580000, 0x00000000fa980000, 0x0000000100000000)
  eden space 59392K, 99% used [0x00000000f5580000,0x00000000f8f7fff8,0x00000000f8f80000)
  from space 11776K, 0% used [0x00000000f9c00000,0x00000000f9c00000,0x00000000fa780000)
  to   space 12288K, 0% used [0x00000000f8f80000,0x00000000f8f80000,0x00000000f9b80000)
 ParOldGen       total 349696K, used 349690K [0x00000000e0000000, 0x00000000f5580000, 0x00000000f5580000)
  object space 349696K, 99% used [0x00000000e0000000,0x00000000f557e840,0x00000000f5580000)
 Metaspace       used 67254K, committed 68224K, reserved 1114112K
  class space    used 6437K, committed 6848K, reserved 1048576K
}
Event: 3334.070 GC heap after
{Heap after GC invocations=2178 (full 2036):
 PSYoungGen      total 71680K, used 59391K [0x00000000f5580000, 0x00000000fa980000, 0x0000000100000000)
  eden space 59392K, 99% used [0x00000000f5580000,0x00000000f8f7fe20,0x00000000f8f80000)
  from space 12288K, 0% used [0x00000000f8f80000,0x00000000f8f80000,0x00000000f9b80000)
  to   space 11776K, 0% used [0x00000000f9c00000,0x00000000f9c00000,0x00000000fa780000)
 ParOldGen       total 349696K, used 349690K [0x00000000e0000000, 0x00000000f5580000, 0x00000000f5580000)
  object space 349696K, 99% used [0x00000000e0000000,0x00000000f557e840,0x00000000f5580000)
 Metaspace       used 67254K, committed 68224K, reserved 1114112K
  class space    used 6437K, committed 6848K, reserved 1048576K
}
Event: 3334.071 GC heap before
{Heap before GC invocations=2179 (full 2037):
 PSYoungGen      total 71680K, used 59392K [0x00000000f5580000, 0x00000000fa980000, 0x0000000100000000)
  eden space 59392K, 100% used [0x00000000f5580000,0x00000000f8f80000,0x00000000f8f80000)
  from space 12288K, 0% used [0x00000000f8f80000,0x00000000f8f80000,0x00000000f9b80000)
  to   space 11776K, 0% used [0x00000000f9c00000,0x00000000f9c00000,0x00000000fa780000)
 ParOldGen       total 349696K, used 349690K [0x00000000e0000000, 0x00000000f5580000, 0x00000000f5580000)
  object space 349696K, 99% used [0x00000000e0000000,0x00000000f557e840,0x00000000f5580000)
 Metaspace       used 67254K, committed 68224K, reserved 1114112K
  class space    used 6437K, committed 6848K, reserved 1048576K
}
Event: 3335.815 GC heap after
{Heap after GC invocations=2179 (full 2037):
 PSYoungGen      total 71168K, used 59391K [0x00000000f5580000, 0x00000000fa980000, 0x0000000100000000)
  eden space 59392K, 99% used [0x00000000f5580000,0x00000000f8f7fe20,0x00000000f8f80000)
  from space 11776K, 0% used [0x00000000f9c00000,0x00000000f9c00000,0x00000000fa780000)
  to   space 12288K, 0% used [0x00000000f8f80000,0x00000000f8f80000,0x00000000f9b80000)
 ParOldGen       total 349696K, used 349690K [0x00000000e0000000, 0x00000000f5580000, 0x00000000f5580000)
  object space 349696K, 99% used [0x00000000e0000000,0x00000000f557e840,0x00000000f5580000)
 Metaspace       used 67254K, committed 68224K, reserved 1114112K
  class space    used 6437K, committed 6848K, reserved 1048576K
}
Event: 3335.815 GC heap before
{Heap before GC invocations=2180 (full 2038):
 PSYoungGen      total 71168K, used 59391K [0x00000000f5580000, 0x00000000fa980000, 0x0000000100000000)
  eden space 59392K, 99% used [0x00000000f5580000,0x00000000f8f7feb0,0x00000000f8f80000)
  from space 11776K, 0% used [0x00000000f9c00000,0x00000000f9c00000,0x00000000fa780000)
  to   space 12288K, 0% used [0x00000000f8f80000,0x00000000f8f80000,0x00000000f9b80000)
 ParOldGen       total 349696K, used 349690K [0x00000000e0000000, 0x00000000f5580000, 0x00000000f5580000)
  object space 349696K, 99% used [0x00000000e0000000,0x00000000f557e840,0x00000000f5580000)
 Metaspace       used 67254K, committed 68224K, reserved 1114112K
  class space    used 6437K, committed 6848K, reserved 1048576K
}
Event: 3337.669 GC heap after
{Heap after GC invocations=2180 (full 2038):
 PSYoungGen      total 71680K, used 59391K [0x00000000f5580000, 0x00000000fa980000, 0x0000000100000000)
  eden space 59392K, 99% used [0x00000000f5580000,0x00000000f8f7fe30,0x00000000f8f80000)
  from space 12288K, 0% used [0x00000000f8f80000,0x00000000f8f80000,0x00000000f9b80000)
  to   space 11776K, 0% used [0x00000000f9c00000,0x00000000f9c00000,0x00000000fa780000)
 ParOldGen       total 349696K, used 349690K [0x00000000e0000000, 0x00000000f5580000, 0x00000000f5580000)
  object space 349696K, 99% used [0x00000000e0000000,0x00000000f557e828,0x00000000f5580000)
 Metaspace       used 67254K, committed 68224K, reserved 1114112K
  class space    used 6437K, committed 6848K, reserved 1048576K
}
Event: 3337.670 GC heap before
{Heap before GC invocations=2181 (full 2039):
 PSYoungGen      total 71680K, used 59391K [0x00000000f5580000, 0x00000000fa980000, 0x0000000100000000)
  eden space 59392K, 99% used [0x00000000f5580000,0x00000000f8f7fff8,0x00000000f8f80000)
  from space 12288K, 0% used [0x00000000f8f80000,0x00000000f8f80000,0x00000000f9b80000)
  to   space 11776K, 0% used [0x00000000f9c00000,0x00000000f9c00000,0x00000000fa780000)
 ParOldGen       total 349696K, used 349694K [0x00000000e0000000, 0x00000000f5580000, 0x00000000f5580000)
  object space 349696K, 99% used [0x00000000e0000000,0x00000000f557fa98,0x00000000f5580000)
 Metaspace       used 67254K, committed 68224K, reserved 1114112K
  class space    used 6437K, committed 6848K, reserved 1048576K
}
Event: 3339.373 GC heap after
{Heap after GC invocations=2181 (full 2039):
 PSYoungGen      total 71168K, used 59391K [0x00000000f5580000, 0x00000000fa980000, 0x0000000100000000)
  eden space 59392K, 99% used [0x00000000f5580000,0x00000000f8f7fea0,0x00000000f8f80000)
  from space 11776K, 0% used [0x00000000f9c00000,0x00000000f9c00000,0x00000000fa780000)
  to   space 12288K, 0% used [0x00000000f8f80000,0x00000000f8f80000,0x00000000f9b80000)
 ParOldGen       total 349696K, used 349693K [0x00000000e0000000, 0x00000000f5580000, 0x00000000f5580000)
  object space 349696K, 99% used [0x00000000e0000000,0x00000000f557f6d0,0x00000000f5580000)
 Metaspace       used 67254K, committed 68224K, reserved 1114112K
  class space    used 6437K, committed 6848K, reserved 1048576K
}
Event: 3339.373 GC heap before
{Heap before GC invocations=2182 (full 2040):
 PSYoungGen      total 71168K, used 59391K [0x00000000f5580000, 0x00000000fa980000, 0x0000000100000000)
  eden space 59392K, 99% used [0x00000000f5580000,0x00000000f8f7fea0,0x00000000f8f80000)
  from space 11776K, 0% used [0x00000000f9c00000,0x00000000f9c00000,0x00000000fa780000)
  to   space 12288K, 0% used [0x00000000f8f80000,0x00000000f8f80000,0x00000000f9b80000)
 ParOldGen       total 349696K, used 349693K [0x00000000e0000000, 0x00000000f5580000, 0x00000000f5580000)
  object space 349696K, 99% used [0x00000000e0000000,0x00000000f557f6d0,0x00000000f5580000)
 Metaspace       used 67254K, committed 68224K, reserved 1114112K
  class space    used 6437K, committed 6848K, reserved 1048576K
}
Event: 3341.095 GC heap after
{Heap after GC invocations=2182 (full 2040):
 PSYoungGen      total 71680K, used 59391K [0x00000000f5580000, 0x00000000fa980000, 0x0000000100000000)
  eden space 59392K, 99% used [0x00000000f5580000,0x00000000f8f7fea0,0x00000000f8f80000)
  from space 12288K, 0% used [0x00000000f8f80000,0x00000000f8f80000,0x00000000f9b80000)
  to   space 11776K, 0% used [0x00000000f9c00000,0x00000000f9c00000,0x00000000fa780000)
 ParOldGen       total 349696K, used 349693K [0x00000000e0000000, 0x00000000f5580000, 0x00000000f5580000)
  object space 349696K, 99% used [0x00000000e0000000,0x00000000f557f6d0,0x00000000f5580000)
 Metaspace       used 67254K, committed 68224K, reserved 1114112K
  class space    used 6437K, committed 6848K, reserved 1048576K
}

