# JRE version: OpenJDK Runtime Environment GraalVM CE 22.3.0 (17.0.5+8) (build 17.0.5+8-jvmci-22.3-b08)
# Java VM: OpenJDK 64-Bit Server VM GraalVM CE 22.3.0 (17.0.5+8-jvmci-22.3-b08, mixed mode, sharing, tiered, jvmci, jvmci compiler, compressed oops, compressed class ptrs, parallel gc, linux-amd64)
GC Precious Log:
 CPUs: 4 total, 1 available
 Memory: 1024M
 Large Page Support: Disabled
 NUMA Support: Disabled
 Compressed Oops: Enabled (32-bit)
 Alignments: Space 512K, Generation 512K, Heap 2M
 Heap Min Capacity: 100M
 Heap Initial Capacity: 100M
 Heap Max Capacity: 512M
 Pre-touch: Disabled
 Parallel Workers: 1
Heap:
 PSYoungGen      total 78336K, used 34303K [0x00000000f5580000, 0x00000000fce00000, 0x0000000100000000)
  eden space 34304K, 99% used [0x00000000f5580000,0x00000000f76ffff8,0x00000000f7700000)
  from space 44032K, 0% used [0x00000000f7700000,0x00000000f7700000,0x00000000fa200000)
  to   space 20480K, 0% used [0x00000000fa200000,0x00000000fa200000,0x00000000fb600000)
 ParOldGen       total 349696K, used 349695K [0x00000000e0000000, 0x00000000f5580000, 0x00000000f5580000)
  object space 349696K, 99% used [0x00000000e0000000,0x00000000f557ffe8,0x00000000f5580000)
 Metaspace       used 60299K, committed 61376K, reserved 1105920K
  class space    used 5448K, committed 5952K, reserved 1048576K
GC Heap History (20 events):
Event: 704.050 GC heap before
{Heap before GC invocations=443 (full 333):
 PSYoungGen      total 78336K, used 34303K [0x00000000f5580000, 0x00000000fce00000, 0x0000000100000000)
  eden space 34304K, 99% used [0x00000000f5580000,0x00000000f76ffff8,0x00000000f7700000)
  from space 44032K, 0% used [0x00000000f7700000,0x00000000f7700000,0x00000000fa200000)
  to   space 20480K, 0% used [0x00000000fa200000,0x00000000fa200000,0x00000000fb600000)
 ParOldGen       total 349696K, used 349695K [0x00000000e0000000, 0x00000000f5580000, 0x00000000f5580000)
  object space 349696K, 99% used [0x00000000e0000000,0x00000000f557ffe8,0x00000000f5580000)
 Metaspace       used 60298K, committed 61376K, reserved 1105920K
  class space    used 5448K, committed 5952K, reserved 1048576K
}
Event: 705.723 GC heap after
{Heap after GC invocations=443 (full 333):
 PSYoungGen      total 54784K, used 34303K [0x00000000f5580000, 0x00000000fce00000, 0x0000000100000000)
  eden space 34304K, 99% used [0x00000000f5580000,0x00000000f76fffc8,0x00000000f7700000)
  from space 20480K, 0% used [0x00000000fa200000,0x00000000fa200000,0x00000000fb600000)
  to   space 44032K, 0% used [0x00000000f7700000,0x00000000f7700000,0x00000000fa200000)
 ParOldGen       total 349696K, used 349695K [0x00000000e0000000, 0x00000000f5580000, 0x00000000f5580000)
  object space 349696K, 99% used [0x00000000e0000000,0x00000000f557ffe8,0x00000000f5580000)
 Metaspace       used 60298K, committed 61376K, reserved 1105920K
  class space    used 5448K, committed 5952K, reserved 1048576K
}
Event: 705.730 GC heap before
{Heap before GC invocations=444 (full 334):
 PSYoungGen      total 54784K, used 34303K [0x00000000f5580000, 0x00000000fce00000, 0x0000000100000000)
  eden space 34304K, 99% used [0x00000000f5580000,0x00000000f76ffff8,0x00000000f7700000)
  from space 20480K, 0% used [0x00000000fa200000,0x00000000fa200000,0x00000000fb600000)
  to   space 44032K, 0% used [0x00000000f7700000,0x00000000f7700000,0x00000000fa200000)
 ParOldGen       total 349696K, used 349695K [0x00000000e0000000, 0x00000000f5580000, 0x00000000f5580000)
  object space 349696K, 99% used [0x00000000e0000000,0x00000000f557ffe8,0x00000000f5580000)
 Metaspace       used 60299K, committed 61376K, reserved 1105920K
  class space    used 5448K, committed 5952K, reserved 1048576K
}
Event: 707.790 GC heap after
{Heap after GC invocations=444 (full 334):
 PSYoungGen      total 78336K, used 34303K [0x00000000f5580000, 0x00000000fce00000, 0x0000000100000000)
  eden space 34304K, 99% used [0x00000000f5580000,0x00000000f76fffc8,0x00000000f7700000)
  from space 44032K, 0% used [0x00000000f7700000,0x00000000f7700000,0x00000000fa200000)
  to   space 20480K, 0% used [0x00000000fa200000,0x00000000fa200000,0x00000000fb600000)
 ParOldGen       total 349696K, used 349695K [0x00000000e0000000, 0x00000000f5580000, 0x00000000f5580000)
  object space 349696K, 99% used [0x00000000e0000000,0x00000000f557ffe8,0x00000000f5580000)
 Metaspace       used 60299K, committed 61376K, reserved 1105920K
  class space    used 5448K, committed 5952K, reserved 1048576K
}
Event: 707.791 GC heap before
{Heap before GC invocations=445 (full 335):
 PSYoungGen      total 78336K, used 34303K [0x00000000f5580000, 0x00000000fce00000, 0x0000000100000000)
  eden space 34304K, 99% used [0x00000000f5580000,0x00000000f76ffff8,0x00000000f7700000)
  from space 44032K, 0% used [0x00000000f7700000,0x00000000f7700000,0x00000000fa200000)
  to   space 20480K, 0% used [0x00000000fa200000,0x00000000fa200000,0x00000000fb600000)
 ParOldGen       total 349696K, used 349695K [0x00000000e0000000, 0x00000000f5580000, 0x00000000f5580000)
  object space 349696K, 99% used [0x00000000e0000000,0x00000000f557ffe8,0x00000000f5580000)
 Metaspace       used 60299K, committed 61376K, reserved 1105920K
  class space    used 5448K, committed 5952K, reserved 1048576K
}
Event: 709.270 GC heap after
{Heap after GC invocations=445 (full 335):
 PSYoungGen      total 54784K, used 34303K [0x00000000f5580000, 0x00000000fce00000, 0x0000000100000000)
  eden space 34304K, 99% used [0x00000000f5580000,0x00000000f76fffc8,0x00000000f7700000)
  from space 20480K, 0% used [0x00000000fa200000,0x00000000fa200000,0x00000000fb600000)
  to   space 44032K, 0% used [0x00000000f7700000,0x00000000f7700000,0x00000000fa200000)
 ParOldGen       total 349696K, used 349695K [0x00000000e0000000, 0x00000000f5580000, 0x00000000f5580000)
  object space 349696K, 99% used [0x00000000e0000000,0x00000000f557ffe8,0x00000000f5580000)
 Metaspace       used 60299K, committed 61376K, reserved 1105920K
  class space    used 5448K, committed 5952K, reserved 1048576K
}
Event: 709.274 GC heap before
{Heap before GC invocations=446 (full 336):
 PSYoungGen      total 54784K, used 34303K [0x00000000f5580000, 0x00000000fce00000, 0x0000000100000000)
  eden space 34304K, 99% used [0x00000000f5580000,0x00000000f76ffff8,0x00000000f7700000)
  from space 20480K, 0% used [0x00000000fa200000,0x00000000fa200000,0x00000000fb600000)
  to   space 44032K, 0% used [0x00000000f7700000,0x00000000f7700000,0x00000000fa200000)
 ParOldGen       total 349696K, used 349695K [0x00000000e0000000, 0x00000000f5580000, 0x00000000f5580000)
  object space 349696K, 99% used [0x00000000e0000000,0x00000000f557ffe8,0x00000000f5580000)
 Metaspace       used 60299K, committed 61376K, reserved 1105920K
  class space    used 5448K, committed 5952K, reserved 1048576K
}
Event: 710.853 GC heap after
{Heap after GC invocations=446 (full 336):
 PSYoungGen      total 78336K, used 34303K [0x00000000f5580000, 0x00000000fce00000, 0x0000000100000000)
  eden space 34304K, 99% used [0x00000000f5580000,0x00000000f76fffc8,0x00000000f7700000)
  from space 44032K, 0% used [0x00000000f7700000,0x00000000f7700000,0x00000000fa200000)
  to   space 20480K, 0% used [0x00000000fa200000,0x00000000fa200000,0x00000000fb600000)
 ParOldGen       total 349696K, used 349695K [0x00000000e0000000, 0x00000000f5580000, 0x00000000f5580000)
  object space 349696K, 99% used [0x00000000e0000000,0x00000000f557ffe8,0x00000000f5580000)
 Metaspace       used 60299K, committed 61376K, reserved 1105920K
  class space    used 5448K, committed 5952K, reserved 1048576K
}
Event: 710.855 GC heap before
{Heap before GC invocations=447 (full 337):
 PSYoungGen      total 78336K, used 34303K [0x00000000f5580000, 0x00000000fce00000, 0x0000000100000000)
  eden space 34304K, 99% used [0x00000000f5580000,0x00000000f76ffff8,0x00000000f7700000)
  from space 44032K, 0% used [0x00000000f7700000,0x00000000f7700000,0x00000000fa200000)
  to   space 20480K, 0% used [0x00000000fa200000,0x00000000fa200000,0x00000000fb600000)
 ParOldGen       total 349696K, used 349695K [0x00000000e0000000, 0x00000000f5580000, 0x00000000f5580000)
  object space 349696K, 99% used [0x00000000e0000000,0x00000000f557ffe8,0x00000000f5580000)
 Metaspace       used 60299K, committed 61376K, reserved 1105920K
  class space    used 5448K, committed 5952K, reserved 1048576K
}
Event: 712.544 GC heap after
{Heap after GC invocations=447 (full 337):
 PSYoungGen      total 54784K, used 34303K [0x00000000f5580000, 0x00000000fce00000, 0x0000000100000000)
  eden space 34304K, 99% used [0x00000000f5580000,0x00000000f76fffc8,0x00000000f7700000)
  from space 20480K, 0% used [0x00000000fa200000,0x00000000fa200000,0x00000000fb600000)
  to   space 44032K, 0% used [0x00000000f7700000,0x00000000f7700000,0x00000000fa200000)
 ParOldGen       total 349696K, used 349695K [0x00000000e0000000, 0x00000000f5580000, 0x00000000f5580000)
  object space 349696K, 99% used [0x00000000e0000000,0x00000000f557ffe8,0x00000000f5580000)
 Metaspace       used 60299K, committed 61376K, reserved 1105920K
  class space    used 5448K, committed 5952K, reserved 1048576K
}
Event: 712.547 GC heap before
{Heap before GC invocations=448 (full 338):
 PSYoungGen      total 54784K, used 34303K [0x00000000f5580000, 0x00000000fce00000, 0x0000000100000000)
  eden space 34304K, 99% used [0x00000000f5580000,0x00000000f76ffff8,0x00000000f7700000)
  from space 20480K, 0% used [0x00000000fa200000,0x00000000fa200000,0x00000000fb600000)
  to   space 44032K, 0% used [0x00000000f7700000,0x00000000f7700000,0x00000000fa200000)
 ParOldGen       total 349696K, used 349695K [0x00000000e0000000, 0x00000000f5580000, 0x00000000f5580000)
  object space 349696K, 99% used [0x00000000e0000000,0x00000000f557ffe8,0x00000000f5580000)
 Metaspace       used 60299K, committed 61376K, reserved 1105920K
  class space    used 5448K, committed 5952K, reserved 1048576K
}
Event: 713.990 GC heap after
{Heap after GC invocations=448 (full 338):
 PSYoungGen      total 78336K, used 34303K [0x00000000f5580000, 0x00000000fce00000, 0x0000000100000000)
  eden space 34304K, 99% used [0x00000000f5580000,0x00000000f76fffc8,0x00000000f7700000)
  from space 44032K, 0% used [0x00000000f7700000,0x00000000f7700000,0x00000000fa200000)
  to   space 20480K, 0% used [0x00000000fa200000,0x00000000fa200000,0x00000000fb600000)
 ParOldGen       total 349696K, used 349695K [0x00000000e0000000, 0x00000000f5580000, 0x00000000f5580000)
  object space 349696K, 99% used [0x00000000e0000000,0x00000000f557ffe8,0x00000000f5580000)
 Metaspace       used 60299K, committed 61376K, reserved 1105920K
  class space    used 5448K, committed 5952K, reserved 1048576K
}
Event: 714.010 GC heap before
{Heap before GC invocations=449 (full 339):
 PSYoungGen      total 78336K, used 34303K [0x00000000f5580000, 0x00000000fce00000, 0x0000000100000000)
  eden space 34304K, 99% used [0x00000000f5580000,0x00000000f76ffff0,0x00000000f7700000)
  from space 44032K, 0% used [0x00000000f7700000,0x00000000f7700000,0x00000000fa200000)
  to   space 20480K, 0% used [0x00000000fa200000,0x00000000fa200000,0x00000000fb600000)
 ParOldGen       total 349696K, used 349695K [0x00000000e0000000, 0x00000000f5580000, 0x00000000f5580000)
  object space 349696K, 99% used [0x00000000e0000000,0x00000000f557ffe8,0x00000000f5580000)
 Metaspace       used 60299K, committed 61376K, reserved 1105920K
  class space    used 5448K, committed 5952K, reserved 1048576K
}
Event: 715.468 GC heap after
{Heap after GC invocations=449 (full 339):
 PSYoungGen      total 54784K, used 34303K [0x00000000f5580000, 0x00000000fce00000, 0x0000000100000000)
  eden space 34304K, 99% used [0x00000000f5580000,0x00000000f76fffe0,0x00000000f7700000)
  from space 20480K, 0% used [0x00000000fa200000,0x00000000fa200000,0x00000000fb600000)
  to   space 44032K, 0% used [0x00000000f7700000,0x00000000f7700000,0x00000000fa200000)
 ParOldGen       total 349696K, used 349695K [0x00000000e0000000, 0x00000000f5580000, 0x00000000f5580000)
  object space 349696K, 99% used [0x00000000e0000000,0x00000000f557ffe8,0x00000000f5580000)
 Metaspace       used 60299K, committed 61376K, reserved 1105920K
  class space    used 5448K, committed 5952K, reserved 1048576K
}
Event: 715.468 GC heap before
{Heap before GC invocations=450 (full 340):
 PSYoungGen      total 54784K, used 34303K [0x00000000f5580000, 0x00000000fce00000, 0x0000000100000000)
  eden space 34304K, 99% used [0x00000000f5580000,0x00000000f76fffe0,0x00000000f7700000)
  from space 20480K, 0% used [0x00000000fa200000,0x00000000fa200000,0x00000000fb600000)
  to   space 44032K, 0% used [0x00000000f7700000,0x00000000f7700000,0x00000000fa200000)
 ParOldGen       total 349696K, used 349695K [0x00000000e0000000, 0x00000000f5580000, 0x00000000f5580000)
  object space 349696K, 99% used [0x00000000e0000000,0x00000000f557ffe8,0x00000000f5580000)
 Metaspace       used 60299K, committed 61376K, reserved 1105920K
  class space    used 5448K, committed 5952K, reserved 1048576K
}
Event: 717.031 GC heap after
{Heap after GC invocations=450 (full 340):
 PSYoungGen      total 78336K, used 34303K [0x00000000f5580000, 0x00000000fce00000, 0x0000000100000000)
  eden space 34304K, 99% used [0x00000000f5580000,0x00000000f76fffe0,0x00000000f7700000)
  from space 44032K, 0% used [0x00000000f7700000,0x00000000f7700000,0x00000000fa200000)
  to   space 20480K, 0% used [0x00000000fa200000,0x00000000fa200000,0x00000000fb600000)
 ParOldGen       total 349696K, used 349695K [0x00000000e0000000, 0x00000000f5580000, 0x00000000f5580000)
  object space 349696K, 99% used [0x00000000e0000000,0x00000000f557ffe8,0x00000000f5580000)
 Metaspace       used 60299K, committed 61376K, reserved 1105920K
  class space    used 5448K, committed 5952K, reserved 1048576K
}
Event: 717.039 GC heap before
{Heap before GC invocations=451 (full 341):
 PSYoungGen      total 78336K, used 34303K [0x00000000f5580000, 0x00000000fce00000, 0x0000000100000000)
  eden space 34304K, 99% used [0x00000000f5580000,0x00000000f76fffe0,0x00000000f7700000)
  from space 44032K, 0% used [0x00000000f7700000,0x00000000f7700000,0x00000000fa200000)
  to   space 20480K, 0% used [0x00000000fa200000,0x00000000fa200000,0x00000000fb600000)
 ParOldGen       total 349696K, used 349695K [0x00000000e0000000, 0x00000000f5580000, 0x00000000f5580000)
  object space 349696K, 99% used [0x00000000e0000000,0x00000000f557ffe8,0x00000000f5580000)
 Metaspace       used 60299K, committed 61376K, reserved 1105920K
  class space    used 5448K, committed 5952K, reserved 1048576K
}
Event: 718.580 GC heap after
{Heap after GC invocations=451 (full 341):
 PSYoungGen      total 54784K, used 34303K [0x00000000f5580000, 0x00000000fce00000, 0x0000000100000000)
  eden space 34304K, 99% used [0x00000000f5580000,0x00000000f76fffe0,0x00000000f7700000)
  from space 20480K, 0% used [0x00000000fa200000,0x00000000fa200000,0x00000000fb600000)
  to   space 44032K, 0% used [0x00000000f7700000,0x00000000f7700000,0x00000000fa200000)
 ParOldGen       total 349696K, used 349695K [0x00000000e0000000, 0x00000000f5580000, 0x00000000f5580000)
  object space 349696K, 99% used [0x00000000e0000000,0x00000000f557ffe8,0x00000000f5580000)
 Metaspace       used 60299K, committed 61376K, reserved 1105920K
  class space    used 5448K, committed 5952K, reserved 1048576K
}
Event: 718.580 GC heap before
{Heap before GC invocations=452 (full 342):
 PSYoungGen      total 54784K, used 34303K [0x00000000f5580000, 0x00000000fce00000, 0x0000000100000000)
  eden space 34304K, 99% used [0x00000000f5580000,0x00000000f76fffe0,0x00000000f7700000)
  from space 20480K, 0% used [0x00000000fa200000,0x00000000fa200000,0x00000000fb600000)
  to   space 44032K, 0% used [0x00000000f7700000,0x00000000f7700000,0x00000000fa200000)
 ParOldGen       total 349696K, used 349695K [0x00000000e0000000, 0x00000000f5580000, 0x00000000f5580000)
  object space 349696K, 99% used [0x00000000e0000000,0x00000000f557ffe8,0x00000000f5580000)
 Metaspace       used 60299K, committed 61376K, reserved 1105920K
  class space    used 5448K, committed 5952K, reserved 1048576K
}
Event: 719.811 GC heap after
{Heap after GC invocations=452 (full 342):
 PSYoungGen      total 78336K, used 34303K [0x00000000f5580000, 0x00000000fce00000, 0x0000000100000000)
  eden space 34304K, 99% used [0x00000000f5580000,0x00000000f76fffe0,0x00000000f7700000)
  from space 44032K, 0% used [0x00000000f7700000,0x00000000f7700000,0x00000000fa200000)
  to   space 20480K, 0% used [0x00000000fa200000,0x00000000fa200000,0x00000000fb600000)
 ParOldGen       total 349696K, used 349695K [0x00000000e0000000, 0x00000000f5580000, 0x00000000f5580000)
  object space 349696K, 99% used [0x00000000e0000000,0x00000000f557ffe8,0x00000000f5580000)
 Metaspace       used 60299K, committed 61376K, reserved 1105920K
  class space    used 5448K, committed 5952K, reserved 1048576K
}

